<?xml version="1.0" encoding="UTF-8"?>

<aop xmlns="urn:jboss:aop-deployer">

   <interceptor name="SimpleInterceptor">
      <class>
         <beanfactory xmlns="urn:jboss:bean-deployer" class="org.jboss.test.xml.aop.SimpleInterceptor">
            <constructor>
               <parameter>Hello</parameter>
            </constructor>
            <property name="second">World</property>
         </beanfactory>
      </class>
   </interceptor>

   <bind pointcut="execution(* org.jboss.test.xml.aop.Aspectized->*(..))">
      <interceptor-ref name="SimpleInterceptor"/>
   </bind>

</aop>
